[2020-04-26 17:08:18 +0100] [13044] [INFO] Starting gunicorn 20.0.4
[2020-04-26 17:08:18 +0100] [13044] [INFO] Listening at: http://0.0.0.0:8080 (13044)
[2020-04-26 17:08:18 +0100] [13044] [INFO] Using worker: threads
[2020-04-26 17:08:18 +0100] [13049] [INFO] Booting worker with pid: 13049
[2020-04-26 17:08:34 +0100] [13049] [INFO] Worker reloading: /home/me/TempDownload/thomas-anderson.net/core.py modified
[2020-04-26 17:08:35 +0100] [13049] [INFO] Worker exiting (pid: 13049)
[2020-04-26 17:08:35 +0100] [13056] [INFO] Booting worker with pid: 13056
[2020-04-26 17:08:50 +0100] [13044] [INFO] Handling signal: int
[2020-04-26 17:08:50 +0100] [13056] [INFO] Worker exiting (pid: 13056)
[2020-04-26 17:08:51 +0100] [13044] [INFO] Shutting down: Master
[2020-04-26 17:43:19 +0100] [13187] [INFO] Starting gunicorn 20.0.4
[2020-04-26 17:43:19 +0100] [13187] [INFO] Listening at: http://0.0.0.0:8080 (13187)
[2020-04-26 17:43:19 +0100] [13187] [INFO] Using worker: threads
[2020-04-26 17:43:19 +0100] [13192] [INFO] Booting worker with pid: 13192
[2020-04-26 17:48:13 +0100] [13192] [INFO] Worker reloading: /home/me/TempDownload/thomas-anderson.net/core.py modified
[2020-04-26 17:48:14 +0100] [13192] [INFO] Worker exiting (pid: 13192)
[2020-04-26 17:48:14 +0100] [13217] [INFO] Booting worker with pid: 13217
[2020-04-26 17:49:55 +0100] [13217] [INFO] Worker reloading: /home/me/TempDownload/thomas-anderson.net/core.py modified
[2020-04-26 17:49:55 +0100] [13217] [INFO] Worker exiting (pid: 13217)
[2020-04-26 17:49:55 +0100] [13229] [INFO] Booting worker with pid: 13229
[2020-04-26 17:51:04 +0100] [13229] [INFO] Worker reloading: /home/me/TempDownload/thomas-anderson.net/core.py modified
[2020-04-26 17:51:05 +0100] [13229] [INFO] Worker exiting (pid: 13229)
[2020-04-26 17:51:05 +0100] [13238] [INFO] Booting worker with pid: 13238
[2020-04-26 17:52:06 +0100] [13238] [INFO] Worker reloading: /home/me/TempDownload/thomas-anderson.net/core.py modified
[2020-04-26 17:52:07 +0100] [13238] [INFO] Worker exiting (pid: 13238)
[2020-04-26 17:52:07 +0100] [13248] [INFO] Booting worker with pid: 13248
[2020-04-26 17:53:52 +0100] [13248] [INFO] Worker reloading: /home/me/TempDownload/thomas-anderson.net/core.py modified
[2020-04-26 17:53:52 +0100] [13248] [INFO] Worker exiting (pid: 13248)
[2020-04-26 17:53:53 +0100] [13261] [INFO] Booting worker with pid: 13261
[2020-04-26 17:53:54 +0100] [13261] [INFO] Worker reloading: /home/me/TempDownload/thomas-anderson.net/core.py modified
[2020-04-26 17:53:55 +0100] [13261] [INFO] Worker exiting (pid: 13261)
[2020-04-26 17:53:55 +0100] [13265] [INFO] Booting worker with pid: 13265
[2020-04-26 17:54:17 +0100] [13265] [INFO] Worker reloading: /home/me/TempDownload/thomas-anderson.net/core.py modified
[2020-04-26 17:54:18 +0100] [13265] [INFO] Worker exiting (pid: 13265)
[2020-04-26 17:54:18 +0100] [13270] [INFO] Booting worker with pid: 13270
[2020-04-26 17:54:58 +0100] [13270] [INFO] Worker reloading: /home/me/TempDownload/thomas-anderson.net/core.py modified
[2020-04-26 17:54:58 +0100] [13270] [INFO] Worker exiting (pid: 13270)
[2020-04-26 17:54:58 +0100] [13280] [INFO] Booting worker with pid: 13280
[2020-04-26 17:55:59 +0100] [13280] [INFO] Worker reloading: /home/me/TempDownload/thomas-anderson.net/core.py modified
[2020-04-26 17:55:59 +0100] [13280] [INFO] Worker exiting (pid: 13280)
[2020-04-26 17:55:59 +0100] [13290] [INFO] Booting worker with pid: 13290
[2020-04-26 17:56:18 +0100] [13290] [INFO] Worker reloading: /home/me/TempDownload/thomas-anderson.net/core.py modified
[2020-04-26 17:56:18 +0100] [13290] [INFO] Worker exiting (pid: 13290)
[2020-04-26 17:56:18 +0100] [13297] [INFO] Booting worker with pid: 13297
[2020-04-26 17:56:47 +0100] [13297] [INFO] Worker reloading: /home/me/TempDownload/thomas-anderson.net/core.py modified
[2020-04-26 17:56:48 +0100] [13297] [INFO] Worker exiting (pid: 13297)
[2020-04-26 17:56:48 +0100] [13306] [INFO] Booting worker with pid: 13306
[2020-04-26 17:58:23 +0100] [13306] [INFO] Worker reloading: /home/me/TempDownload/thomas-anderson.net/core.py modified
[2020-04-26 17:58:24 +0100] [13306] [INFO] Worker exiting (pid: 13306)
[2020-04-26 17:58:24 +0100] [13321] [INFO] Booting worker with pid: 13321
[2020-04-26 18:00:31 +0100] [13321] [INFO] Worker reloading: /home/me/TempDownload/thomas-anderson.net/core.py modified
[2020-04-26 18:00:31 +0100] [13321] [INFO] Worker exiting (pid: 13321)
[2020-04-26 18:00:31 +0100] [13333] [INFO] Booting worker with pid: 13333
[2020-04-26 18:03:19 +0100] [13333] [INFO] Worker reloading: /home/me/TempDownload/thomas-anderson.net/core.py modified
[2020-04-26 18:03:19 +0100] [13333] [INFO] Worker exiting (pid: 13333)
[2020-04-26 18:03:19 +0100] [13350] [INFO] Booting worker with pid: 13350
[2020-04-26 18:08:41 +0100] [13350] [INFO] Worker reloading: /home/me/TempDownload/thomas-anderson.net/core.py modified
[2020-04-26 18:08:42 +0100] [13350] [INFO] Worker exiting (pid: 13350)
[2020-04-26 18:08:42 +0100] [13380] [INFO] Booting worker with pid: 13380
[2020-04-26 18:33:51 +0100] [13380] [INFO] Worker reloading: /home/me/TempDownload/thomas-anderson.net/core.py modified
[2020-04-26 18:33:51 +0100] [13380] [INFO] Worker exiting (pid: 13380)
[2020-04-26 18:33:51 +0100] [13495] [INFO] Booting worker with pid: 13495
[2020-04-26 18:34:57 +0100] [13495] [INFO] Worker reloading: /home/me/TempDownload/thomas-anderson.net/core.py modified
[2020-04-26 18:34:57 +0100] [13495] [INFO] Worker exiting (pid: 13495)
[2020-04-26 18:34:57 +0100] [13506] [INFO] Booting worker with pid: 13506
[2020-04-26 18:35:35 +0100] [13506] [INFO] Worker reloading: /home/me/TempDownload/thomas-anderson.net/core.py modified
[2020-04-26 18:35:36 +0100] [13506] [INFO] Worker exiting (pid: 13506)
[2020-04-26 18:35:36 +0100] [13516] [INFO] Booting worker with pid: 13516
[2020-04-26 18:36:19 +0100] [13516] [INFO] Worker reloading: /home/me/TempDownload/thomas-anderson.net/core.py modified
[2020-04-26 18:36:20 +0100] [13516] [INFO] Worker exiting (pid: 13516)
[2020-04-26 18:36:20 +0100] [13539] [INFO] Booting worker with pid: 13539
[2020-04-26 18:37:34 +0100] [13539] [INFO] Worker reloading: /home/me/TempDownload/thomas-anderson.net/core.py modified
[2020-04-26 18:37:35 +0100] [13539] [INFO] Worker exiting (pid: 13539)
[2020-04-26 18:37:35 +0100] [13549] [INFO] Booting worker with pid: 13549
[2020-04-26 18:37:53 +0100] [13549] [INFO] Worker reloading: /home/me/TempDownload/thomas-anderson.net/core.py modified
[2020-04-26 18:37:54 +0100] [13549] [INFO] Worker exiting (pid: 13549)
[2020-04-26 18:37:54 +0100] [13555] [INFO] Booting worker with pid: 13555
[2020-04-26 18:39:17 +0100] [13555] [INFO] Worker reloading: /home/me/TempDownload/thomas-anderson.net/core.py modified
[2020-04-26 18:39:17 +0100] [13555] [INFO] Worker exiting (pid: 13555)
[2020-04-26 18:39:17 +0100] [13567] [INFO] Booting worker with pid: 13567
[2020-04-26 18:40:44 +0100] [13567] [INFO] Worker reloading: /home/me/TempDownload/thomas-anderson.net/core.py modified
[2020-04-26 18:40:44 +0100] [13567] [INFO] Worker exiting (pid: 13567)
[2020-04-26 18:40:44 +0100] [13577] [INFO] Booting worker with pid: 13577
[2020-04-26 18:46:03 +0100] [13577] [INFO] Worker reloading: /home/me/TempDownload/thomas-anderson.net/core.py modified
[2020-04-26 18:46:04 +0100] [13577] [INFO] Worker exiting (pid: 13577)
[2020-04-26 18:46:04 +0100] [13608] [INFO] Booting worker with pid: 13608
[2020-04-26 18:46:13 +0100] [13608] [INFO] Worker reloading: /home/me/TempDownload/thomas-anderson.net/core.py modified
[2020-04-26 18:46:14 +0100] [13608] [INFO] Worker exiting (pid: 13608)
[2020-04-26 18:46:14 +0100] [13618] [INFO] Booting worker with pid: 13618
[2020-04-26 18:46:24 +0100] [13618] [INFO] Worker reloading: /home/me/TempDownload/thomas-anderson.net/core.py modified
[2020-04-26 18:46:25 +0100] [13618] [INFO] Worker exiting (pid: 13618)
[2020-04-26 18:46:25 +0100] [13623] [INFO] Booting worker with pid: 13623
[2020-04-26 18:49:03 +0100] [13623] [INFO] Worker reloading: /home/me/TempDownload/thomas-anderson.net/core.py modified
[2020-04-26 18:49:04 +0100] [13623] [INFO] Worker exiting (pid: 13623)
[2020-04-26 18:49:04 +0100] [13637] [INFO] Booting worker with pid: 13637
[2020-04-26 18:49:42 +0100] [13637] [INFO] Worker reloading: /home/me/TempDownload/thomas-anderson.net/core.py modified
[2020-04-26 18:49:42 +0100] [13637] [INFO] Worker exiting (pid: 13637)
[2020-04-26 18:49:42 +0100] [13645] [INFO] Booting worker with pid: 13645
[2020-04-26 18:54:18 +0100] [13645] [INFO] Worker reloading: /home/me/TempDownload/thomas-anderson.net/core.py modified
[2020-04-26 18:54:19 +0100] [13645] [INFO] Worker exiting (pid: 13645)
[2020-04-26 18:54:19 +0100] [13681] [INFO] Booting worker with pid: 13681
[2020-04-26 18:54:47 +0100] [13681] [INFO] Worker reloading: /home/me/TempDownload/thomas-anderson.net/core.py modified
[2020-04-26 18:54:47 +0100] [13681] [INFO] Worker exiting (pid: 13681)
[2020-04-26 18:54:47 +0100] [13688] [INFO] Booting worker with pid: 13688
[2020-04-26 18:55:00 +0100] [13688] [INFO] Worker reloading: /home/me/TempDownload/thomas-anderson.net/core.py modified
[2020-04-26 18:55:01 +0100] [13688] [INFO] Worker exiting (pid: 13688)
[2020-04-26 18:55:01 +0100] [13694] [INFO] Booting worker with pid: 13694
[2020-04-26 18:55:18 +0100] [13694] [INFO] Worker reloading: /home/me/TempDownload/thomas-anderson.net/core.py modified
[2020-04-26 18:55:19 +0100] [13694] [INFO] Worker exiting (pid: 13694)
[2020-04-26 18:55:19 +0100] [13703] [INFO] Booting worker with pid: 13703
[2020-04-26 18:56:17 +0100] [13703] [INFO] Worker reloading: /home/me/TempDownload/thomas-anderson.net/core.py modified
[2020-04-26 18:56:17 +0100] [13703] [INFO] Worker exiting (pid: 13703)
[2020-04-26 18:56:17 +0100] [13716] [INFO] Booting worker with pid: 13716
[2020-04-26 18:56:58 +0100] [13716] [INFO] Worker reloading: /home/me/TempDownload/thomas-anderson.net/core.py modified
[2020-04-26 18:56:59 +0100] [13716] [INFO] Worker exiting (pid: 13716)
[2020-04-26 18:56:59 +0100] [13725] [INFO] Booting worker with pid: 13725
[2020-04-26 18:57:40 +0100] [13725] [INFO] Worker reloading: /home/me/TempDownload/thomas-anderson.net/core.py modified
[2020-04-26 18:57:41 +0100] [13725] [INFO] Worker exiting (pid: 13725)
[2020-04-26 18:57:41 +0100] [13749] [INFO] Booting worker with pid: 13749
[2020-04-26 18:57:52 +0100] [13749] [INFO] Worker reloading: /home/me/TempDownload/thomas-anderson.net/core.py modified
[2020-04-26 18:57:53 +0100] [13749] [INFO] Worker exiting (pid: 13749)
[2020-04-26 18:57:53 +0100] [13755] [INFO] Booting worker with pid: 13755
[2020-04-26 18:58:26 +0100] [13755] [INFO] Worker reloading: /home/me/TempDownload/thomas-anderson.net/core.py modified
[2020-04-26 18:58:26 +0100] [13755] [INFO] Worker exiting (pid: 13755)
[2020-04-26 18:58:26 +0100] [13764] [INFO] Booting worker with pid: 13764
[2020-04-26 18:59:43 +0100] [13764] [INFO] Worker reloading: /home/me/TempDownload/thomas-anderson.net/core.py modified
[2020-04-26 18:59:43 +0100] [13764] [INFO] Worker exiting (pid: 13764)
[2020-04-26 18:59:43 +0100] [13773] [INFO] Booting worker with pid: 13773
[2020-04-26 19:07:10 +0100] [13187] [INFO] Handling signal: int
[2020-04-26 19:07:10 +0100] [13773] [INFO] Worker exiting (pid: 13773)
[2020-04-26 19:07:11 +0100] [13187] [INFO] Shutting down: Master
